
> app@0.1.0 build
> next build

▲ Next.js 16.1.1 (Turbopack)

  Creating an optimized production build ...
✓ Compiled successfully in 5.3s
  Running TypeScript ...
  Collecting page data using 9 workers ...
Google Sheets credentials missing. Using mock data fallback.
  Generating static pages using 9 workers (0/10) ...
Google Sheets credentials missing. Using mock data fallback.
Google Sheets credentials missing. Using mock data fallback.
Google Sheets credentials missing. Using mock data fallback.
Google Sheets credentials missing. Using mock data fallback.
Google Sheets credentials missing. Using mock data fallback.
  Generating static pages using 9 workers (2/10) 
Google Sheets credentials missing. Using mock data fallback.
Google Sheets credentials missing. Using mock data fallback.
Google Sheets credentials missing. Using mock data fallback.
Google Sheets credentials missing. Using mock data fallback.
  Generating static pages using 9 workers (4/10) 
  Generating static pages using 9 workers (7/10) 
Google Sheets credentials missing. Using mock data fallback.
Google Sheets credentials missing. Using mock data fallback.
⨯ useSearchParams() should be wrapped in a suspense boundary at page "/portfolio". Read more: https://nextjs.org/docs/messages/missing-suspense-with-csr-bailout
    at Q (/Users/enesf.muhan/Innovation Portfolio/.next/server/chunks/ssr/node_modules_next_920e7746._.js:2:2111)
    at o (/Users/enesf.muhan/Innovation Portfolio/.next/server/chunks/ssr/node_modules_next_920e7746._.js:4:5284)
    at t (/Users/enesf.muhan/Innovation Portfolio/.next/server/chunks/ssr/_65359de7._.js:1:9968)
    at an (/Users/enesf.muhan/Innovation Portfolio/node_modules/next/dist/compiled/next-server/app-page-turbo.runtime.prod.js:2:84360)
    at ai (/Users/enesf.muhan/Innovation Portfolio/node_modules/next/dist/compiled/next-server/app-page-turbo.runtime.prod.js:2:86179)
    at ai (/Users/enesf.muhan/Innovation Portfolio/node_modules/next/dist/compiled/next-server/app-page-turbo.runtime.prod.js:2:104708)
    at al (/Users/enesf.muhan/Innovation Portfolio/node_modules/next/dist/compiled/next-server/app-page-turbo.runtime.prod.js:2:107953)
    at as (/Users/enesf.muhan/Innovation Portfolio/node_modules/next/dist/compiled/next-server/app-page-turbo.runtime.prod.js:2:105368)
    at am (/Users/enesf.muhan/Innovation Portfolio/node_modules/next/dist/compiled/next-server/app-page-turbo.runtime.prod.js:2:112882)
    at au (/Users/enesf.muhan/Innovation Portfolio/node_modules/next/dist/compiled/next-server/app-page-turbo.runtime.prod.js:2:109985)
Error occurred prerendering page "/portfolio". Read more: https://nextjs.org/docs/messages/prerender-error
Export encountered an error on /portfolio/page: /portfolio, exiting the build.
⨯ Next.js build worker exited with code: 1 and signal: null
